0 info it worked if it ends with ok
1 verbose cli [ 'node', '/usr/local/bin/npm', 'publish' ]
2 info using npm@1.4.14
3 info using node@v0.10.29
4 verbose publish [ '.' ]
5 verbose cache add [ '.', null ]
6 verbose cache add name=undefined spec="." args=[".",null]
7 verbose parsed url { protocol: null,
7 verbose parsed url   slashes: null,
7 verbose parsed url   auth: null,
7 verbose parsed url   host: null,
7 verbose parsed url   port: null,
7 verbose parsed url   hostname: null,
7 verbose parsed url   hash: null,
7 verbose parsed url   search: null,
7 verbose parsed url   query: null,
7 verbose parsed url   pathname: '.',
7 verbose parsed url   path: '.',
7 verbose parsed url   href: '.' }
8 silly lockFile 3a52ce78- .
9 verbose lock . /Users/rubinus/.npm/3a52ce78-.lock
10 verbose tar pack [ '/Users/rubinus/.npm/node-thrift-hbase/0.0.1/package.tgz',
10 verbose tar pack   '.' ]
11 verbose tarball /Users/rubinus/.npm/node-thrift-hbase/0.0.1/package.tgz
12 verbose folder .
13 info prepublish node-thrift-hbase@0.0.1
14 silly lockFile 1f1177db-tar tar://.
15 verbose lock tar://. /Users/rubinus/.npm/1f1177db-tar.lock
16 silly lockFile 98ab29a1-e-thrift-hbase-0-0-1-package-tgz tar:///Users/rubinus/.npm/node-thrift-hbase/0.0.1/package.tgz
17 verbose lock tar:///Users/rubinus/.npm/node-thrift-hbase/0.0.1/package.tgz /Users/rubinus/.npm/98ab29a1-e-thrift-hbase-0-0-1-package-tgz.lock
18 silly lockFile 1f1177db-tar tar://.
19 silly lockFile 1f1177db-tar tar://.
20 silly lockFile 98ab29a1-e-thrift-hbase-0-0-1-package-tgz tar:///Users/rubinus/.npm/node-thrift-hbase/0.0.1/package.tgz
21 silly lockFile 98ab29a1-e-thrift-hbase-0-0-1-package-tgz tar:///Users/rubinus/.npm/node-thrift-hbase/0.0.1/package.tgz
22 silly lockFile fd674bc0--node-thrift-hbase-0-0-1-package /Users/rubinus/.npm/node-thrift-hbase/0.0.1/package
23 verbose lock /Users/rubinus/.npm/node-thrift-hbase/0.0.1/package /Users/rubinus/.npm/fd674bc0--node-thrift-hbase-0-0-1-package.lock
24 silly lockFile fd674bc0--node-thrift-hbase-0-0-1-package /Users/rubinus/.npm/node-thrift-hbase/0.0.1/package
25 silly lockFile fd674bc0--node-thrift-hbase-0-0-1-package /Users/rubinus/.npm/node-thrift-hbase/0.0.1/package
26 silly lockFile 3a52ce78- .
27 silly lockFile 3a52ce78- .
28 silly publish { name: 'node-thrift-hbase',
28 silly publish   version: '0.0.1',
28 silly publish   description: 'init node-thrift-hbase',
28 silly publish   main: '',
28 silly publish   dependencies: { thrift: '0.9.1' },
28 silly publish   devDependencies: {},
28 silly publish   scripts: { test: 'echo "Error: no test specified" && exit 1' },
28 silly publish   repository:
28 silly publish    { type: 'git',
28 silly publish      url: 'https://github.com/rubinus/node-thrift-hbase.git' },
28 silly publish   author: '',
28 silly publish   license: 'ISC',
28 silly publish   bugs: { url: 'https://github.com/rubinus/node-thrift-hbase/issues' },
28 silly publish   homepage: 'https://github.com/rubinus/node-thrift-hbase',
28 silly publish   readme: 'init node-thrift-hbase\n\nthrift --gen js:node /install/hbase-0.98.5/hbase-thrift/src/main/resources/org/apache/hadoop/hbase/thrift2/hbase.thrift',
28 silly publish   readmeFilename: 'README.md',
28 silly publish   gitHead: '72ad2ce643ef0455a76afa2794cd5e2752870377',
28 silly publish   _id: 'node-thrift-hbase@0.0.1',
28 silly publish   _shasum: '45c82753609b8a874034eb996e44d2684bf8fe7c',
28 silly publish   _from: '.' }
29 verbose url raw node-thrift-hbase
30 verbose url resolving [ 'https://registry.npmjs.org/', './node-thrift-hbase' ]
31 verbose url resolved https://registry.npmjs.org/node-thrift-hbase
32 info trying registry request attempt 1 at 19:54:01
33 http PUT https://registry.npmjs.org/node-thrift-hbase
34 http 403 https://registry.npmjs.org/node-thrift-hbase
35 verbose headers { date: 'Wed, 08 Oct 2014 11:54:08 GMT',
35 verbose headers   server: 'CouchDB/1.5.0 (Erlang OTP/R16B03)',
35 verbose headers   'content-type': 'application/json',
35 verbose headers   'cache-control': 'max-age=60',
35 verbose headers   'content-length': '2339',
35 verbose headers   'accept-ranges': 'bytes',
35 verbose headers   via: '1.1 varnish',
35 verbose headers   'x-served-by': 'cache-ty66-TYO',
35 verbose headers   'x-cache': 'MISS',
35 verbose headers   'x-cache-hits': '0',
35 verbose headers   'x-timer': 'S1412769247.554358,VS0,VE478',
35 verbose headers   'keep-alive': 'timeout=10, max=50',
35 verbose headers   connection: 'Keep-Alive' }
36 error publish Failed PUT 403
37 error Error: forbidden cannot modify pre-existing version: 0.0.1
37 error old={"name":"node-thrift-hbase","version":"0.0.1","description":"init node-thrift-hbase","main":"","dependencies":{"thrift":"0.9.1"},"devDependencies":{},"scripts":{"test":"echo \"Error: no test specified\" && exit 1"},"repository":{"type":"git","url":"https://github.com/rubinus/node-thrift-hbase.git"},"author":"","license":"ISC","bugs":{"url":"https://github.com/rubinus/node-thrift-hbase/issues"},"homepage":"https://github.com/rubinus/node-thrift-hbase","gitHead":"2cf53a32b81a9279fc9aa84a29bb3cd447530bb4","_id":"node-thrift-hbase@0.0.1","_shasum":"dbad2931a87ed3a9fdfc1db8db8d0ce94f7873cb","_from":".","_npmVersion":"1.4.14","_npmUser":{"name":"rubinus.chu","email":"rubinus.chu@gmail.com"},"maintainers":[{"name":"rubinus.chu","email":"rubinus.chu@gmail.com"}],"dist":{"shasum":"dbad2931a87ed3a9fdfc1db8db8d0ce94f7873cb","tarball":"http://registry.npmjs.org/node-thrift-hbase/-/node-thrift-hbase-0.0.1.tgz"}}
37 error new={"name":"node-thrift-hbase","version":"0.0.1","description":"init node-thrift-hbase","main":"","dependencies":{"thrift":"0.9.1"},"devDependencies":{},"scripts":{"test":"echo \"Error: no test specified\" && exit 1"},"repository":{"type":"git","url":"https://github.com/rubinus/node-thrift-hbase.git"},"author":"","license":"ISC","bugs":{"url":"https://github.com/rubinus/node-thrift-hbase/issues"},"homepage":"https://github.com/rubinus/node-thrift-hbase","readme":"init node-thrift-hbase\u000a\u000athrift --gen js:node /install/hbase-0.98.5/hbase-thrift/src/main/resources/org/apache/hadoop/hbase/thrift2/hbase.thrift","readmeFilename":"README.md","gitHead":"72ad2ce643ef0455a76afa2794cd5e2752870377","_id":"node-thrift-hbase@0.0.1","_shasum":"45c82753609b8a874034eb996e44d2684bf8fe7c","_from":".","_npmVersion":"1.4.14","_npmUser":{"name":"rubinus.chu","email":"rubinus.chu@gmail.com"},"maintainers":[{"name":"rubinus.chu","email":"rubinus.chu@gmail.com"}],"dist":{"shasum":"45c82753609b8a874034eb996e44d2684bf8fe7c","tarball":"http://registry.npmjs.org/node-thrift-hbase/-/node-thrift-hbase-0.0.1.tgz"}}: node-thrift-hbase
37 error     at RegClient.<anonymous> (/usr/local/lib/node_modules/npm/node_modules/npm-registry-client/lib/request.js:274:14)
37 error     at Request._callback (/usr/local/lib/node_modules/npm/node_modules/npm-registry-client/lib/request.js:212:65)
37 error     at Request.self.callback (/usr/local/lib/node_modules/npm/node_modules/request/request.js:123:22)
37 error     at Request.emit (events.js:98:17)
37 error     at Request.<anonymous> (/usr/local/lib/node_modules/npm/node_modules/request/request.js:893:14)
37 error     at Request.emit (events.js:117:20)
37 error     at IncomingMessage.<anonymous> (/usr/local/lib/node_modules/npm/node_modules/request/request.js:844:12)
37 error     at IncomingMessage.emit (events.js:117:20)
37 error     at _stream_readable.js:929:16
37 error     at process._tickCallback (node.js:419:13)
38 error If you need help, you may report this *entire* log,
38 error including the npm and node versions, at:
38 error     <http://github.com/npm/npm/issues>
39 error System Darwin 13.4.0
40 error command "node" "/usr/local/bin/npm" "publish"
41 error cwd /my/site/node-thrift-hbase
42 error node -v v0.10.29
43 error npm -v 1.4.14
44 verbose exit [ 1, true ]
